[0724/142712.801:ERROR:process_reader_win.cc(242)] ReadMemory at 0x7ffa780f0000 of 64 bytes failed: Somente uma parte de um pedido ReadProcessMemory ou WriteProcessMemory foi concluída. (0x12B)
[0724/142712.807:WARNING:pe_image_reader.cc(302)] could not read dos header from C:\WINDOWS\SYSTEM32\ntdll.dll
[0724/142712.807:ERROR:process_reader_win.cc(242)] ReadMemory at 0x7ffa77d70000 of 64 bytes failed: Somente uma parte de um pedido ReadProcessMemory ou WriteProcessMemory foi concluída. (0x12B)
[0724/142712.807:WARNING:pe_image_reader.cc(302)] could not read dos header from C:\WINDOWS\System32\KERNEL32.DLL
[0724/142712.807:ERROR:process_reader_win.cc(242)] ReadMemory at 0x7ffa746f0000 of 64 bytes failed: Somente uma parte de um pedido ReadProcessMemory ou WriteProcessMemory foi concluída. (0x12B)
[0724/142712.808:WARNING:pe_image_reader.cc(302)] could not read dos header from C:\WINDOWS\System32\KERNELBASE.dll
[0724/142712.808:ERROR:process_reader_win.cc(242)] ReadMemory at 0x7ffa75ab0000 of 64 bytes failed: Somente uma parte de um pedido ReadProcessMemory ou WriteProcessMemory foi concluída. (0x12B)
[0724/142712.808:WARNING:pe_image_reader.cc(302)] could not read dos header from C:\WINDOWS\System32\msvcrt.dll
[0724/142712.812:ERROR:process_reader_win.cc(242)] ReadMemory at 0x7ffa627e0000 of 64 bytes failed: Somente uma parte de um pedido ReadProcessMemory ou WriteProcessMemory foi concluída. (0x12B)
[0724/142712.812:WARNING:pe_image_reader.cc(302)] could not read dos header from C:\WINDOWS\SYSTEM32\MSVCR120.dll
[0724/142712.814:ERROR:process_reader_win.cc(242)] ReadMemory at 0x7ffa780f0000 of 64 bytes failed: Somente uma parte de um pedido ReadProcessMemory ou WriteProcessMemory foi concluída. (0x12B)
[0724/142712.814:WARNING:pe_image_reader.cc(302)] could not read dos header from C:\WINDOWS\SYSTEM32\ntdll.dll
[0724/142712.814:ERROR:process_reader_win.cc(242)] ReadMemory at 0x7ffa77d70000 of 64 bytes failed: Somente uma parte de um pedido ReadProcessMemory ou WriteProcessMemory foi concluída. (0x12B)
[0724/142712.815:WARNING:pe_image_reader.cc(302)] could not read dos header from C:\WINDOWS\System32\KERNEL32.DLL
[0724/142712.815:ERROR:process_reader_win.cc(242)] ReadMemory at 0x7ffa746f0000 of 64 bytes failed: Somente uma parte de um pedido ReadProcessMemory ou WriteProcessMemory foi concluída. (0x12B)
[0724/142712.815:WARNING:pe_image_reader.cc(302)] could not read dos header from C:\WINDOWS\System32\KERNELBASE.dll
[0724/142712.815:ERROR:process_reader_win.cc(242)] ReadMemory at 0x7ffa75ab0000 of 64 bytes failed: Somente uma parte de um pedido ReadProcessMemory ou WriteProcessMemory foi concluída. (0x12B)
[0724/142712.815:WARNING:pe_image_reader.cc(302)] could not read dos header from C:\WINDOWS\System32\msvcrt.dll
[0724/142712.820:ERROR:process_reader_win.cc(242)] ReadMemory at 0x7ffa627e0000 of 64 bytes failed: Somente uma parte de um pedido ReadProcessMemory ou WriteProcessMemory foi concluída. (0x12B)
[0724/142712.821:WARNING:pe_image_reader.cc(302)] could not read dos header from C:\WINDOWS\SYSTEM32\MSVCR120.dll
[0724/142712.823:ERROR:process_reader_win.cc(242)] ReadMemory at 0x7ffa780f0000 of 64 bytes failed: Somente uma parte de um pedido ReadProcessMemory ou WriteProcessMemory foi concluída. (0x12B)
[0724/142712.824:WARNING:pe_image_reader.cc(302)] could not read dos header from C:\WINDOWS\SYSTEM32\ntdll.dll
[0724/142712.824:ERROR:process_reader_win.cc(242)] ReadMemory at 0x7ffa77d70000 of 64 bytes failed: Somente uma parte de um pedido ReadProcessMemory ou WriteProcessMemory foi concluída. (0x12B)
[0724/142712.824:WARNING:pe_image_reader.cc(302)] could not read dos header from C:\WINDOWS\System32\KERNEL32.DLL
[0724/142712.824:ERROR:process_reader_win.cc(242)] ReadMemory at 0x7ffa746f0000 of 64 bytes failed: Somente uma parte de um pedido ReadProcessMemory ou WriteProcessMemory foi concluída. (0x12B)
[0724/142712.824:WARNING:pe_image_reader.cc(302)] could not read dos header from C:\WINDOWS\System32\KERNELBASE.dll
[0724/142712.825:ERROR:process_reader_win.cc(242)] ReadMemory at 0x7ffa75ab0000 of 64 bytes failed: Somente uma parte de um pedido ReadProcessMemory ou WriteProcessMemory foi concluída. (0x12B)
[0724/142712.825:WARNING:pe_image_reader.cc(302)] could not read dos header from C:\WINDOWS\System32\msvcrt.dll
[0724/142712.831:ERROR:process_reader_win.cc(242)] ReadMemory at 0x7ffa627e0000 of 64 bytes failed: Somente uma parte de um pedido ReadProcessMemory ou WriteProcessMemory foi concluída. (0x12B)
[0724/142712.831:WARNING:pe_image_reader.cc(302)] could not read dos header from C:\WINDOWS\SYSTEM32\MSVCR120.dll
[0724/142712.852:ERROR:process_reader_win.cc(242)] ReadMemory at 0x7ffa780f0000 of 64 bytes failed: Somente uma parte de um pedido ReadProcessMemory ou WriteProcessMemory foi concluída. (0x12B)
[0724/142712.853:WARNING:pe_image_reader.cc(302)] could not read dos header from C:\WINDOWS\SYSTEM32\ntdll.dll
[0724/142712.853:ERROR:process_reader_win.cc(242)] ReadMemory at 0x7ffa77d70000 of 64 bytes failed: Somente uma parte de um pedido ReadProcessMemory ou WriteProcessMemory foi concluída. (0x12B)
[0724/142712.853:WARNING:pe_image_reader.cc(302)] could not read dos header from C:\WINDOWS\System32\KERNEL32.DLL
[0724/142712.853:ERROR:process_reader_win.cc(242)] ReadMemory at 0x7ffa746f0000 of 64 bytes failed: Somente uma parte de um pedido ReadProcessMemory ou WriteProcessMemory foi concluída. (0x12B)
[0724/142712.853:WARNING:pe_image_reader.cc(302)] could not read dos header from C:\WINDOWS\System32\KERNELBASE.dll
[0724/142712.853:ERROR:process_reader_win.cc(242)] ReadMemory at 0x7ffa75ab0000 of 64 bytes failed: Somente uma parte de um pedido ReadProcessMemory ou WriteProcessMemory foi concluída. (0x12B)
[0724/142712.853:WARNING:pe_image_reader.cc(302)] could not read dos header from C:\WINDOWS\System32\msvcrt.dll
[0724/142712.862:ERROR:process_reader_win.cc(242)] ReadMemory at 0x7ffa627e0000 of 64 bytes failed: Somente uma parte de um pedido ReadProcessMemory ou WriteProcessMemory foi concluída. (0x12B)
[0724/142712.862:WARNING:pe_image_reader.cc(302)] could not read dos header from C:\WINDOWS\SYSTEM32\MSVCR120.dll
[0724/142712.864:ERROR:process_reader_win.cc(242)] ReadMemory at 0x7ffa780f0000 of 64 bytes failed: Somente uma parte de um pedido ReadProcessMemory ou WriteProcessMemory foi concluída. (0x12B)
[0724/142712.865:WARNING:pe_image_reader.cc(302)] could not read dos header from C:\WINDOWS\SYSTEM32\ntdll.dll
[0724/142712.865:ERROR:process_reader_win.cc(242)] ReadMemory at 0x7ffa780f0000 of 64 bytes failed: Somente uma parte de um pedido ReadProcessMemory ou WriteProcessMemory foi concluída. (0x12B)
[0724/142712.865:WARNING:pe_image_reader.cc(302)] could not read dos header from C:\WINDOWS\SYSTEM32\ntdll.dll
[0724/142712.865:ERROR:process_reader_win.cc(242)] ReadMemory at 0x7ffa77d70000 of 64 bytes failed: Somente uma parte de um pedido ReadProcessMemory ou WriteProcessMemory foi concluída. (0x12B)
[0724/142712.865:WARNING:pe_image_reader.cc(302)] could not read dos header from C:\WINDOWS\System32\KERNEL32.DLL
[0724/142712.865:ERROR:process_reader_win.cc(242)] ReadMemory at 0x7ffa77d70000 of 64 bytes failed: Somente uma parte de um pedido ReadProcessMemory ou WriteProcessMemory foi concluída. (0x12B)
[0724/142712.865:WARNING:pe_image_reader.cc(302)] could not read dos header from C:\WINDOWS\System32\KERNEL32.DLL
[0724/142712.865:ERROR:process_reader_win.cc(242)] ReadMemory at 0x7ffa746f0000 of 64 bytes failed: Somente uma parte de um pedido ReadProcessMemory ou WriteProcessMemory foi concluída. (0x12B)
[0724/142712.865:WARNING:pe_image_reader.cc(302)] could not read dos header from C:\WINDOWS\System32\KERNELBASE.dll
[0724/142712.865:ERROR:process_reader_win.cc(242)] ReadMemory at 0x7ffa746f0000 of 64 bytes failed: Somente uma parte de um pedido ReadProcessMemory ou WriteProcessMemory foi concluída. (0x12B)
[0724/142712.865:WARNING:pe_image_reader.cc(302)] could not read dos header from C:\WINDOWS\System32\KERNELBASE.dll
[0724/142712.866:ERROR:process_reader_win.cc(242)] ReadMemory at 0x7ffa75ab0000 of 64 bytes failed: Somente uma parte de um pedido ReadProcessMemory ou WriteProcessMemory foi concluída. (0x12B)
[0724/142712.866:WARNING:pe_image_reader.cc(302)] could not read dos header from C:\WINDOWS\System32\msvcrt.dll
[0724/142712.866:ERROR:process_reader_win.cc(242)] ReadMemory at 0x7ffa75ab0000 of 64 bytes failed: Somente uma parte de um pedido ReadProcessMemory ou WriteProcessMemory foi concluída. (0x12B)
[0724/142712.866:WARNING:pe_image_reader.cc(302)] could not read dos header from C:\WINDOWS\System32\msvcrt.dll
[0724/142712.882:ERROR:process_reader_win.cc(242)] ReadMemory at 0x7ffa627e0000 of 64 bytes failed: Somente uma parte de um pedido ReadProcessMemory ou WriteProcessMemory foi concluída. (0x12B)
[0724/142712.883:WARNING:pe_image_reader.cc(302)] could not read dos header from C:\WINDOWS\SYSTEM32\MSVCR120.dll
[0724/142712.883:ERROR:process_reader_win.cc(242)] ReadMemory at 0x7ffa627e0000 of 64 bytes failed: Somente uma parte de um pedido ReadProcessMemory ou WriteProcessMemory foi concluída. (0x12B)
[0724/142712.883:WARNING:pe_image_reader.cc(302)] could not read dos header from C:\WINDOWS\SYSTEM32\MSVCR120.dll
[0724/142712.913:ERROR:process_reader_win.cc(242)] ReadMemory at 0x7ffa780f0000 of 64 bytes failed: Somente uma parte de um pedido ReadProcessMemory ou WriteProcessMemory foi concluída. (0x12B)
[0724/142712.913:WARNING:pe_image_reader.cc(302)] could not read dos header from C:\WINDOWS\SYSTEM32\ntdll.dll
[0724/142712.913:ERROR:process_reader_win.cc(242)] ReadMemory at 0x7ffa77d70000 of 64 bytes failed: Somente uma parte de um pedido ReadProcessMemory ou WriteProcessMemory foi concluída. (0x12B)
[0724/142712.913:WARNING:pe_image_reader.cc(302)] could not read dos header from C:\WINDOWS\System32\KERNEL32.DLL
[0724/142712.913:ERROR:process_reader_win.cc(242)] ReadMemory at 0x7ffa746f0000 of 64 bytes failed: Somente uma parte de um pedido ReadProcessMemory ou WriteProcessMemory foi concluída. (0x12B)
[0724/142712.913:WARNING:pe_image_reader.cc(302)] could not read dos header from C:\WINDOWS\System32\KERNELBASE.dll
[0724/142712.913:ERROR:process_reader_win.cc(242)] ReadMemory at 0x7ffa75ab0000 of 64 bytes failed: Somente uma parte de um pedido ReadProcessMemory ou WriteProcessMemory foi concluída. (0x12B)
[0724/142712.913:WARNING:pe_image_reader.cc(302)] could not read dos header from C:\WINDOWS\System32\msvcrt.dll
[0724/142712.919:ERROR:process_reader_win.cc(242)] ReadMemory at 0x7ffa627e0000 of 64 bytes failed: Somente uma parte de um pedido ReadProcessMemory ou WriteProcessMemory foi concluída. (0x12B)
[0724/142712.919:WARNING:pe_image_reader.cc(302)] could not read dos header from C:\WINDOWS\SYSTEM32\MSVCR120.dll
[0731/173428.322:ERROR:prune_crash_reports.cc(34)] PruneCrashReportDatabase: Failed to get pending reports
[0803/112129.277:ERROR:registration_protocol_win.cc(84)] TransactNamedPipe: O pipe foi finalizado. (0x6D)
[0807/143906.759:ERROR:registration_protocol_win.cc(84)] TransactNamedPipe: O pipe foi finalizado. (0x6D)
[0809/105546.466:ERROR:registration_protocol_win.cc(84)] TransactNamedPipe: O pipe foi finalizado. (0x6D)
[0809/120100.821:ERROR:registration_protocol_win.cc(84)] TransactNamedPipe: O pipe foi finalizado. (0x6D)
[0809/140142.733:ERROR:registration_protocol_win.cc(84)] TransactNamedPipe: O pipe foi finalizado. (0x6D)
[0813/094820.057:ERROR:prune_crash_reports.cc(34)] PruneCrashReportDatabase: Failed to get pending reports
[0814/111156.750:ERROR:prune_crash_reports.cc(34)] PruneCrashReportDatabase: Failed to get pending reports
[0815/140858.267:ERROR:prune_crash_reports.cc(34)] PruneCrashReportDatabase: Failed to get pending reports
[0815/164407.539:ERROR:prune_crash_reports.cc(34)] PruneCrashReportDatabase: Failed to get pending reports
[0816/110919.742:ERROR:prune_crash_reports.cc(34)] PruneCrashReportDatabase: Failed to get pending reports
[0817/141748.347:ERROR:process_reader_win.cc(123)] NtOpenThread: {Acesso Negado} Um processo solicitou acesso a um objeto, mas o direito de acesso não lhe foi concedido. (0xc0000022)
[0817/141748.364:ERROR:process_reader_win.cc(242)] ReadMemory at 0x7ffacf530000 of 64 bytes failed: Somente uma parte de um pedido ReadProcessMemory ou WriteProcessMemory foi concluída. (0x12B)
[0817/141748.364:WARNING:pe_image_reader.cc(302)] could not read dos header from C:\WINDOWS\SYSTEM32\ntdll.dll
[0817/141748.364:ERROR:process_reader_win.cc(242)] ReadMemory at 0x7ffacf2e0000 of 64 bytes failed: Somente uma parte de um pedido ReadProcessMemory ou WriteProcessMemory foi concluída. (0x12B)
[0817/141748.364:WARNING:pe_image_reader.cc(302)] could not read dos header from C:\WINDOWS\System32\KERNEL32.DLL
[0817/141748.364:ERROR:process_reader_win.cc(242)] ReadMemory at 0x7ffacbc50000 of 64 bytes failed: Somente uma parte de um pedido ReadProcessMemory ou WriteProcessMemory foi concluída. (0x12B)
[0817/141748.364:WARNING:pe_image_reader.cc(302)] could not read dos header from C:\WINDOWS\System32\KERNELBASE.dll
[0817/141748.365:ERROR:process_reader_win.cc(242)] ReadMemory at 0x7ffacf430000 of 64 bytes failed: Somente uma parte de um pedido ReadProcessMemory ou WriteProcessMemory foi concluída. (0x12B)
[0817/141748.365:WARNING:pe_image_reader.cc(302)] could not read dos header from C:\WINDOWS\System32\msvcrt.dll
[0817/141748.368:ERROR:process_reader_win.cc(242)] ReadMemory at 0x7ffab88d0000 of 64 bytes failed: Somente uma parte de um pedido ReadProcessMemory ou WriteProcessMemory foi concluída. (0x12B)
[0817/141748.368:WARNING:pe_image_reader.cc(302)] could not read dos header from C:\WINDOWS\SYSTEM32\MSVCR120.dll
[0817/141748.369:ERROR:process_reader_win.cc(242)] ReadMemory at 0x7ffacf530000 of 64 bytes failed: Somente uma parte de um pedido ReadProcessMemory ou WriteProcessMemory foi concluída. (0x12B)
[0817/141748.369:WARNING:pe_image_reader.cc(302)] could not read dos header from C:\WINDOWS\SYSTEM32\ntdll.dll
[0817/141748.369:ERROR:process_reader_win.cc(242)] ReadMemory at 0x7ffacf2e0000 of 64 bytes failed: Somente uma parte de um pedido ReadProcessMemory ou WriteProcessMemory foi concluída. (0x12B)
[0817/141748.369:WARNING:pe_image_reader.cc(302)] could not read dos header from C:\WINDOWS\System32\KERNEL32.DLL
[0817/141748.369:ERROR:process_reader_win.cc(242)] ReadMemory at 0x7ffacbc50000 of 64 bytes failed: Somente uma parte de um pedido ReadProcessMemory ou WriteProcessMemory foi concluída. (0x12B)
[0817/141748.369:WARNING:pe_image_reader.cc(302)] could not read dos header from C:\WINDOWS\System32\KERNELBASE.dll
[0817/141748.369:ERROR:process_reader_win.cc(242)] ReadMemory at 0x7ffacf430000 of 64 bytes failed: Somente uma parte de um pedido ReadProcessMemory ou WriteProcessMemory foi concluída. (0x12B)
[0817/141748.369:WARNING:pe_image_reader.cc(302)] could not read dos header from C:\WINDOWS\System32\msvcrt.dll
[0817/141748.374:ERROR:process_reader_win.cc(242)] ReadMemory at 0x7ffab88d0000 of 64 bytes failed: Somente uma parte de um pedido ReadProcessMemory ou WriteProcessMemory foi concluída. (0x12B)
[0817/141748.374:WARNING:pe_image_reader.cc(302)] could not read dos header from C:\WINDOWS\SYSTEM32\MSVCR120.dll
[0817/141748.375:ERROR:process_reader_win.cc(242)] ReadMemory at 0x7ffacf530000 of 64 bytes failed: Somente uma parte de um pedido ReadProcessMemory ou WriteProcessMemory foi concluída. (0x12B)
[0817/141748.375:WARNING:pe_image_reader.cc(302)] could not read dos header from C:\WINDOWS\SYSTEM32\ntdll.dll
[0817/141748.375:ERROR:process_reader_win.cc(242)] ReadMemory at 0x7ffacf2e0000 of 64 bytes failed: Somente uma parte de um pedido ReadProcessMemory ou WriteProcessMemory foi concluída. (0x12B)
[0817/141748.375:WARNING:pe_image_reader.cc(302)] could not read dos header from C:\WINDOWS\System32\KERNEL32.DLL
[0817/141748.375:ERROR:process_reader_win.cc(242)] ReadMemory at 0x7ffacbc50000 of 64 bytes failed: Somente uma parte de um pedido ReadProcessMemory ou WriteProcessMemory foi concluída. (0x12B)
[0817/141748.375:WARNING:pe_image_reader.cc(302)] could not read dos header from C:\WINDOWS\System32\KERNELBASE.dll
[0817/141748.376:ERROR:process_reader_win.cc(242)] ReadMemory at 0x7ffacf430000 of 64 bytes failed: Somente uma parte de um pedido ReadProcessMemory ou WriteProcessMemory foi concluída. (0x12B)
[0817/141748.376:WARNING:pe_image_reader.cc(302)] could not read dos header from C:\WINDOWS\System32\msvcrt.dll
[0817/141748.381:ERROR:process_reader_win.cc(242)] ReadMemory at 0x7ffab88d0000 of 64 bytes failed: Somente uma parte de um pedido ReadProcessMemory ou WriteProcessMemory foi concluída. (0x12B)
[0817/141748.381:WARNING:pe_image_reader.cc(302)] could not read dos header from C:\WINDOWS\SYSTEM32\MSVCR120.dll
[0817/141748.395:ERROR:process_reader_win.cc(242)] ReadMemory at 0x7ffacf530000 of 64 bytes failed: Somente uma parte de um pedido ReadProcessMemory ou WriteProcessMemory foi concluída. (0x12B)
[0817/141748.396:WARNING:pe_image_reader.cc(302)] could not read dos header from C:\WINDOWS\SYSTEM32\ntdll.dll
[0817/141748.396:ERROR:process_reader_win.cc(242)] ReadMemory at 0x7ffacf2e0000 of 64 bytes failed: Somente uma parte de um pedido ReadProcessMemory ou WriteProcessMemory foi concluída. (0x12B)
[0817/141748.396:WARNING:pe_image_reader.cc(302)] could not read dos header from C:\WINDOWS\System32\KERNEL32.DLL
[0817/141748.396:ERROR:process_reader_win.cc(242)] ReadMemory at 0x7ffacbc50000 of 64 bytes failed: Somente uma parte de um pedido ReadProcessMemory ou WriteProcessMemory foi concluída. (0x12B)
[0817/141748.396:WARNING:pe_image_reader.cc(302)] could not read dos header from C:\WINDOWS\System32\KERNELBASE.dll
[0817/141748.396:ERROR:process_reader_win.cc(242)] ReadMemory at 0x7ffacf430000 of 64 bytes failed: Somente uma parte de um pedido ReadProcessMemory ou WriteProcessMemory foi concluída. (0x12B)
[0817/141748.396:WARNING:pe_image_reader.cc(302)] could not read dos header from C:\WINDOWS\System32\msvcrt.dll
[0817/141748.404:ERROR:process_reader_win.cc(242)] ReadMemory at 0x7ffab88d0000 of 64 bytes failed: Somente uma parte de um pedido ReadProcessMemory ou WriteProcessMemory foi concluída. (0x12B)
[0817/141748.404:WARNING:pe_image_reader.cc(302)] could not read dos header from C:\WINDOWS\SYSTEM32\MSVCR120.dll
[0817/141748.405:ERROR:process_reader_win.cc(242)] ReadMemory at 0x7ffacf530000 of 64 bytes failed: Somente uma parte de um pedido ReadProcessMemory ou WriteProcessMemory foi concluída. (0x12B)
[0817/141748.405:WARNING:pe_image_reader.cc(302)] could not read dos header from C:\WINDOWS\SYSTEM32\ntdll.dll
[0817/141748.405:ERROR:process_reader_win.cc(242)] ReadMemory at 0x7ffacf530000 of 64 bytes failed: Somente uma parte de um pedido ReadProcessMemory ou WriteProcessMemory foi concluída. (0x12B)
[0817/141748.405:WARNING:pe_image_reader.cc(302)] could not read dos header from C:\WINDOWS\SYSTEM32\ntdll.dll
[0817/141748.405:ERROR:process_reader_win.cc(242)] ReadMemory at 0x7ffacf2e0000 of 64 bytes failed: Somente uma parte de um pedido ReadProcessMemory ou WriteProcessMemory foi concluída. (0x12B)
[0817/141748.405:WARNING:pe_image_reader.cc(302)] could not read dos header from C:\WINDOWS\System32\KERNEL32.DLL
[0817/141748.405:ERROR:process_reader_win.cc(242)] ReadMemory at 0x7ffacf2e0000 of 64 bytes failed: Somente uma parte de um pedido ReadProcessMemory ou WriteProcessMemory foi concluída. (0x12B)
[0817/141748.405:WARNING:pe_image_reader.cc(302)] could not read dos header from C:\WINDOWS\System32\KERNEL32.DLL
[0817/141748.405:ERROR:process_reader_win.cc(242)] ReadMemory at 0x7ffacbc50000 of 64 bytes failed: Somente uma parte de um pedido ReadProcessMemory ou WriteProcessMemory foi concluída. (0x12B)
[0817/141748.405:WARNING:pe_image_reader.cc(302)] could not read dos header from C:\WINDOWS\System32\KERNELBASE.dll
[0817/141748.405:ERROR:process_reader_win.cc(242)] ReadMemory at 0x7ffacbc50000 of 64 bytes failed: Somente uma parte de um pedido ReadProcessMemory ou WriteProcessMemory foi concluída. (0x12B)
[0817/141748.406:WARNING:pe_image_reader.cc(302)] could not read dos header from C:\WINDOWS\System32\KERNELBASE.dll
[0817/141748.406:ERROR:process_reader_win.cc(242)] ReadMemory at 0x7ffacf430000 of 64 bytes failed: Somente uma parte de um pedido ReadProcessMemory ou WriteProcessMemory foi concluída. (0x12B)
[0817/141748.406:WARNING:pe_image_reader.cc(302)] could not read dos header from C:\WINDOWS\System32\msvcrt.dll
[0817/141748.406:ERROR:process_reader_win.cc(242)] ReadMemory at 0x7ffacf430000 of 64 bytes failed: Somente uma parte de um pedido ReadProcessMemory ou WriteProcessMemory foi concluída. (0x12B)
[0817/141748.406:WARNING:pe_image_reader.cc(302)] could not read dos header from C:\WINDOWS\System32\msvcrt.dll
[0817/141748.420:ERROR:process_reader_win.cc(242)] ReadMemory at 0x7ffab88d0000 of 64 bytes failed: Somente uma parte de um pedido ReadProcessMemory ou WriteProcessMemory foi concluída. (0x12B)
[0817/141748.420:WARNING:pe_image_reader.cc(302)] could not read dos header from C:\WINDOWS\SYSTEM32\MSVCR120.dll
[0817/141748.420:ERROR:process_reader_win.cc(242)] ReadMemory at 0x7ffab88d0000 of 64 bytes failed: Somente uma parte de um pedido ReadProcessMemory ou WriteProcessMemory foi concluída. (0x12B)
[0817/141748.420:WARNING:pe_image_reader.cc(302)] could not read dos header from C:\WINDOWS\SYSTEM32\MSVCR120.dll
[0817/141748.441:ERROR:process_reader_win.cc(242)] ReadMemory at 0x7ffacf530000 of 64 bytes failed: Somente uma parte de um pedido ReadProcessMemory ou WriteProcessMemory foi concluída. (0x12B)
[0817/141748.441:WARNING:pe_image_reader.cc(302)] could not read dos header from C:\WINDOWS\SYSTEM32\ntdll.dll
[0817/141748.441:ERROR:process_reader_win.cc(242)] ReadMemory at 0x7ffacf2e0000 of 64 bytes failed: Somente uma parte de um pedido ReadProcessMemory ou WriteProcessMemory foi concluída. (0x12B)
[0817/141748.441:WARNING:pe_image_reader.cc(302)] could not read dos header from C:\WINDOWS\System32\KERNEL32.DLL
[0817/141748.441:ERROR:process_reader_win.cc(242)] ReadMemory at 0x7ffacbc50000 of 64 bytes failed: Somente uma parte de um pedido ReadProcessMemory ou WriteProcessMemory foi concluída. (0x12B)
[0817/141748.441:WARNING:pe_image_reader.cc(302)] could not read dos header from C:\WINDOWS\System32\KERNELBASE.dll
[0817/141748.442:ERROR:process_reader_win.cc(242)] ReadMemory at 0x7ffacf430000 of 64 bytes failed: Somente uma parte de um pedido ReadProcessMemory ou WriteProcessMemory foi concluída. (0x12B)
[0817/141748.442:WARNING:pe_image_reader.cc(302)] could not read dos header from C:\WINDOWS\System32\msvcrt.dll
[0817/141748.448:ERROR:process_reader_win.cc(242)] ReadMemory at 0x7ffab88d0000 of 64 bytes failed: Somente uma parte de um pedido ReadProcessMemory ou WriteProcessMemory foi concluída. (0x12B)
[0817/141748.448:WARNING:pe_image_reader.cc(302)] could not read dos header from C:\WINDOWS\SYSTEM32\MSVCR120.dll
[0830/150033.461:ERROR:prune_crash_reports.cc(34)] PruneCrashReportDatabase: Failed to get pending reports
[0831/193606.451:ERROR:prune_crash_reports.cc(34)] PruneCrashReportDatabase: Failed to get pending reports
